🚀 Automated Puppeteer Scraper running on http://localhost:3001
[!] Search requested: Architects in Limassol, Cyprus (Target: 10 leads)
[!] Navigating to offset 0...
[-] Found 10 new leads. Total: 10/10
[✓] Discovered 10 organic agency leads.
[!] Browser closed.
[!] Search requested: Architects in Limassol, Cyprus (Target: 10 leads)
[!] Navigating to offset 0...
[-] Found 10 new leads. Total: 10/10
[✓] Discovered 10 organic agency leads.
[!] Browser closed.
[!] Search requested: Architects in Limassol, Cyprus (Target: 10 leads)
[!] Navigating to offset 0...
[-] Found 10 new leads. Total: 10/10
[✓] Discovered 10 organic agency leads.
[!] Browser closed.
[!] Search requested: Architects in Limassol, Cyprus (Target: 10 leads)
[!] Navigating to offset 0...
[-] Found 10 new leads. Total: 10/10
[✓] Discovered 10 organic agency leads.
[!] Browser closed.
[!] Search requested: Architects in Limassol, Cyprus (Target: 10 leads)
[!] Navigating to offset 0...
[-] Found 10 new leads. Total: 10/10
[✓] Discovered 10 organic agency leads.
[!] Browser closed.
[!] Search requested: Architects in Limassol, Cyprus (Target: 10 leads)
[!] Navigating to offset 0...
[-] Found 10 new leads. Total: 10/10
[✓] Discovered 10 organic agency leads.
[!] Browser closed.
[!] Search requested: Property Developers in Limassol, Cyprus (Target: 50 leads)
[!] Navigating to offset 0...
[-] Found 10 new leads. Total: 10/50
[!] Navigating to offset 0...
[-] Found 3 new leads. Total: 13/50
[!] Navigating to offset 0...
[-] Found 1 new leads. Total: 14/50
[!] Navigating to offset 0...
[-] Found 1 new leads. Total: 15/50
[!] Navigating to offset 0...
[-] Found 0 new leads. Total: 15/50
[!] Navigating to offset 0...
[-] Found 0 new leads. Total: 15/50
[!] Navigating to offset 0...
[-] Found 1 new leads. Total: 16/50
[!] Navigating to offset 0...
[-] Found 0 new leads. Total: 16/50
[!] Navigating to offset 0...
[-] Found 0 new leads. Total: 16/50
[!] Navigating to offset 0...
[-] Found 1 new leads. Total: 17/50
[✓] Discovered 17 organic agency leads.
[!] Browser closed.
[!] Search requested: Architects in Limassol, Cyprus (Target: 10 leads)
[!] Navigating to offset 0...
[-] Found 10 new leads. Total: 10/10
[✓] Discovered 10 organic agency leads.
[!] Browser closed.
[!] Search requested: Architects in Limassol, Cyprus (Target: 10 leads)
[!] Navigating to offset 0...
[-] Found 8 new leads. Total: 8/10
[!] Navigating to offset 0...
[-] Found 3 new leads. Total: 11/10
[✓] Discovered 10 organic agency leads.
[!] Browser closed.
[!] Search requested: Architects in Limassol, Cyprus (Target: 10 leads)
[!] Navigating to offset 0...
[-] Found 10 new leads. Total: 10/10
[✓] Discovered 10 organic agency leads.
[!] Browser closed.
[!] Search requested: Architects in Limassol, Cyprus (Target: 10 leads)
[!] Navigating to offset 0...
[-] Found 10 new leads. Total: 10/10
[✓] Discovered 10 organic agency leads.
[!] Browser closed.
[!] Search requested: Architects in Limassol, Cyprus (Target: 10 leads)
[!] Navigating to offset 0...
[-] Found 10 new leads. Total: 10/10
[✓] Discovered 10 organic agency leads.
[!] Browser closed.
[!] Search requested: Architects in Limassol, Cyprus (Target: 10 leads)
[!] Navigating to offset 0...
[-] Found 10 new leads. Total: 10/10
[✓] Discovered 10 organic agency leads.
[!] Browser closed.
[!] Search requested: Architects in Limassol, Cyprus (Target: 10 leads)
[!] Navigating to offset 0...
[-] Found 10 new leads. Total: 10/10
[✓] Discovered 10 organic agency leads.
[!] Browser closed.
[!] Search requested: Architects in Limassol, Cyprus (Target: 10 leads)
[!] Navigating to offset 0...
[-] Found 10 new leads. Total: 10/10
[✓] Discovered 10 organic agency leads.
[!] Browser closed.
[!] Search requested: Architects in Limassol, CyprusLimassol, Cyprus (Target: 10 leads)
[!] Navigating to offset 0...
[-] Found 10 new leads. Total: 10/10
[✓] Discovered 10 organic agency leads.
[!] Browser closed.
[!] Search requested: Architects in Limassol, Cyprus (Target: 10 leads)
[!] Navigating to offset 0...
[-] Found 10 new leads. Total: 10/10
[✓] Discovered 10 organic agency leads.
[!] Browser closed.
[!] Search requested: Architects in Limassol, Cyprus (Target: 10 leads)
[!] Navigating to offset 0...
[-] Found 10 new leads. Total: 10/10
[✓] Discovered 10 organic agency leads.
[!] Browser closed.
[!] Search requested: Architects in Limassol, CyprusLimassol, CyprusLimassol, Cyprus (Target: 10 leads)
[!] Navigating to offset 0...
[-] Found 10 new leads. Total: 10/10
[✓] Discovered 10 organic agency leads.
[!] Browser closed.
[!] Search requested: Architects in Limassol, Cyprus (Target: 10 leads)
[!] Navigating to offset 0...
[-] Found 10 new leads. Total: 10/10
[✓] Discovered 10 organic agency leads.
[!] Browser closed.
[!] Search requested: Architects in Limassol, Cyprus (Target: 10 leads)
[!] Navigating to offset 0...
[-] Found 10 new leads. Total: 10/10
[✓] Discovered 10 organic agency leads.
[!] Browser closed.
[!] Search requested: Architects in Limassol, Cyprus (Target: 10 leads)
[!] Navigating to offset 0...
[-] Found 10 new leads. Total: 10/10
[✓] Discovered 10 organic agency leads.
[!] Browser closed.
[!] Search requested: Architects in Limassol, Cyprus (Target: 10 leads)
[!] Navigating to offset 0...
[-] Found 10 new leads. Total: 10/10
[✓] Discovered 10 organic agency leads.
[!] Browser closed.
[!] Search requested: Architects in Limassol, Cyprus (Target: 10 leads)
[!] Navigating to offset 0...
[-] Found 10 new leads. Total: 10/10
[✓] Discovered 10 organic agency leads.
[!] Browser closed.
[!] Search requested: Architects in Limassol, Cyprus (Target: 10 leads)
[!] Navigating to offset 0...
[-] Found 10 new leads. Total: 10/10
[✓] Discovered 10 organic agency leads.
[!] Browser closed.
[!] Search requested: Architects in Limassol, Cyprus (Target: 10 leads)
[!] Navigating to offset 0...
[-] Found 10 new leads. Total: 10/10
[✓] Discovered 10 organic agency leads.
[!] Browser closed.
[!] Search requested: Architects in Limassol, Cyprus (Target: 10 leads)
[!] Navigating to offset 0...
[-] Found 10 new leads. Total: 10/10
[✓] Discovered 10 organic agency leads.
[!] Browser closed.
[!] Search requested: Architects in Limassol, Cyprus (Target: 10 leads)
[!] Navigating to offset 0...
[-] Found 10 new leads. Total: 10/10
[✓] Discovered 10 organic agency leads.
[!] Browser closed.
[!] Search requested: Architects in Limassol, Cyprus (Target: 10 leads)
[!] Navigating to offset 0...
[-] Found 10 new leads. Total: 10/10
[✓] Discovered 10 organic agency leads.
[!] Browser closed.
[!] Search requested: Architects in Limassol, Cyprus (Target: 10 leads)
[!] Navigating to offset 0...
[-] Found 10 new leads. Total: 10/10
[✓] Discovered 10 organic agency leads.
[!] Browser closed.
[!] Search requested: Architects in Limassol, Cyprus (Target: 10 leads)
[!] Navigating to offset 0...
[-] Found 10 new leads. Total: 10/10
[✓] Discovered 10 organic agency leads.
[!] Browser closed.
[!] Search requested: Architects in Real Estate Agencies in Limassol, Cyprus (Target: 10 leads)
[!] Navigating to offset 0...
[-] Found 10 new leads. Total: 10/10
[✓] Discovered 10 organic agency leads.
[!] Browser closed.
[!] Search requested: Architects in Real Estate Agencies in Limassol, Cyprus (Target: 10 leads)
[!] Navigating to offset 0...
[-] Found 10 new leads. Total: 10/10
[✓] Discovered 10 organic agency leads.
[!] Browser closed.
[!] Search requested: Architects in Real Estate Agencies in Limassol, Cyprus (Target: 10 leads)
[!] Navigating to offset 0...
[-] Found 10 new leads. Total: 10/10
[✓] Discovered 10 organic agency leads.
[!] Browser closed.
[!] Search requested: Architects in Real Estate Agencies in Limassol, Cyprus (Target: 10 leads)
[!] Navigating to offset 0...
[-] Found 10 new leads. Total: 10/10
[✓] Discovered 10 organic agency leads.
[!] Browser closed.
[!] Search requested: Architects in Limassol, Cyprus (Target: 10 leads)
[!] Navigating to offset 0...
[-] Found 10 new leads. Total: 10/10
[✓] Discovered 10 organic agency leads.
[!] Browser closed.
[!] Search requested: Architects in Real Estate Agencies in Limassol, Cyprus (Target: 10 leads)
[!] Navigating to offset 0...
[-] Found 10 new leads. Total: 10/10
[✓] Discovered 10 organic agency leads.
[!] Browser closed.
[!] Search requested: Architects in Limassol, Cyprus (Target: 10 leads)
[!] Navigating to offset 0...
[-] Found 10 new leads. Total: 10/10
[✓] Discovered 10 organic agency leads.
[!] Browser closed.
[!] Search requested: Architects in Real Estate Agencies in Limassol, Cyprus (Target: 10 leads)
[!] Navigating to offset 0...
[-] Found 10 new leads. Total: 10/10
[✓] Discovered 10 organic agency leads.
[!] Browser closed.
[!] Search requested: Architects in Real Estate Agencies in Limassol, Cyprus (Target: 10 leads)
[!] Navigating to offset 0...
[-] Found 10 new leads. Total: 10/10
[✓] Discovered 10 organic agency leads.
[!] Browser closed.
[!] Search requested: Architects in Real Estate Agencies in Limassol, Cyprus (Target: 10 leads)
[!] Navigating to offset 0...
[-] Found 10 new leads. Total: 10/10
[✓] Discovered 10 organic agency leads.
[!] Browser closed.
[!] Search requested: Architects in Limassol, CyprusLimassol, Cyprus (Target: 10 leads)
[!] Navigating to offset 0...
[-] Found 10 new leads. Total: 10/10
[✓] Discovered 10 organic agency leads.
[!] Browser closed.
[!] Search requested: Architects in Limassol, CyprusLimassol, Cyprus (Target: 10 leads)
[!] Navigating to offset 0...
[-] Found 10 new leads. Total: 10/10
[✓] Discovered 10 organic agency leads.
[!] Browser closed.
[!] Search requested: Architects in Limassol, CyprusLimassol, Cyprus (Target: 10 leads)
[!] Navigating to offset 0...
[-] Found 10 new leads. Total: 10/10
[✓] Discovered 10 organic agency leads.
[!] Browser closed.
[!] Search requested: Architects in Limassol, Cyprus (Target: 10 leads)
[!] Navigating to offset 0...
[-] Found 10 new leads. Total: 10/10
[✓] Discovered 10 organic agency leads.
[!] Browser closed.
