🚀 Automated Puppeteer Scraper running on http://localhost:3001
[!] Search requested: Architects in limaasaol (Target: 10 leads)
[!] Searching for: "Architects" (Attempt 1)...
[-] Found 8 new leads. Total: 8/10
[!] Searching for: "Architects" (Attempt 2)...
[-] Found 9 new leads. Total: 17/10
[!] Running deep scrape on 17 organic leads to find phone numbers...
[✓] Finalized 10 high-quality organic agency leads with data enrichment.
[!] Browser closed.
[!] Search requested: Architects in Limassol, Cyprus (Target: 10 leads)
[!] Searching for: "Architects" (Attempt 1)...
[-] Found 0 new leads. Total: 0/10
[!] Searching for: "Architects" (Attempt 2)...
[-] Found 0 new leads. Total: 0/10
[!] Searching for: "Architects" (Attempt 3)...
[-] Found 0 new leads. Total: 0/10
[!] Searching for: "Architects" (Attempt 4)...
[-] Found 0 new leads. Total: 0/10
[!] Searching for: "Architects" (Attempt 5)...
[-] Found 0 new leads. Total: 0/10
[!] Searching for: "Architects" (Attempt 6)...
[-] Found 0 new leads. Total: 0/10
[!] Searching for: "Architects" (Attempt 7)...
[-] Found 0 new leads. Total: 0/10
[!] Searching for: "Architects" (Attempt 8)...
[-] Found 0 new leads. Total: 0/10
[!] Searching for: "Architects" (Attempt 9)...
[-] Found 0 new leads. Total: 0/10
[!] Searching for: "Architects" (Attempt 10)...
[-] Found 0 new leads. Total: 0/10
[!] Searching for: "Architects" (Attempt 11)...
[-] Found 0 new leads. Total: 0/10
[!] Searching for: "Architects" (Attempt 12)...
[-] Found 0 new leads. Total: 0/10
[!] Searching for: "Architects" (Attempt 13)...
[-] Found 1 new leads. Total: 1/10
[!] Searching for: "Architects" (Attempt 14)...
[-] Found 0 new leads. Total: 1/10
[!] Searching for: "Architects" (Attempt 15)...
[-] Found 0 new leads. Total: 1/10
[!] Searching for: "Architects" (Attempt 16)...
[-] Found 1 new leads. Total: 2/10
[!] Searching for: "Architects" (Attempt 17)...
[-] Found 3 new leads. Total: 5/10
[!] Searching for: "Architects" (Attempt 18)...
[-] Found 3 new leads. Total: 8/10
[!] Searching for: "Architects" (Attempt 19)...
[-] Found 2 new leads. Total: 10/10
[!] Running deep scrape on 10 organic leads to find phone numbers...
[✓] Finalized 10 high-quality organic agency leads with data enrichment.
[!] Browser closed.
[!] Search requested: Architects in Limassol, Cyprus (Target: 10 leads)
[!] Searching for: "Architects" (Attempt 1)...
[-] Found 0 new leads. Total: 0/10
[!] Searching for: "Architects" (Attempt 2)...
[-] Found 0 new leads. Total: 0/10
[!] Searching for: "Architects" (Attempt 3)...
[-] Found 0 new leads. Total: 0/10
[!] Searching for: "Architects" (Attempt 4)...
[-] Found 0 new leads. Total: 0/10
[!] Searching for: "Architects" (Attempt 5)...
[-] Found 0 new leads. Total: 0/10
[!] Searching for: "Architects" (Attempt 6)...
[-] Found 0 new leads. Total: 0/10
[!] Searching for: "Architects" (Attempt 7)...
[-] Found 0 new leads. Total: 0/10
[!] Searching for: "Architects" (Attempt 8)...
[-] Found 0 new leads. Total: 0/10
[!] Searching for: "Architects" (Attempt 9)...
[-] Found 0 new leads. Total: 0/10
[!] Searching for: "Architects" (Attempt 10)...
[-] Found 0 new leads. Total: 0/10
[!] Searching for: "Architects" (Attempt 11)...
[-] Found 0 new leads. Total: 0/10
[!] Searching for: "Architects" (Attempt 12)...
[-] Found 0 new leads. Total: 0/10
[!] Searching for: "Architects" (Attempt 13)...
[-] Found 1 new leads. Total: 1/10
[!] Searching for: "Architects" (Attempt 14)...
[-] Found 0 new leads. Total: 1/10
[!] Searching for: "Architects" (Attempt 15)...
[-] Found 0 new leads. Total: 1/10
[!] Searching for: "Architects" (Attempt 16)...
[-] Found 1 new leads. Total: 2/10
[!] Searching for: "Architects" (Attempt 17)...
[-] Found 3 new leads. Total: 5/10
[!] Searching for: "Architects" (Attempt 18)...
[-] Found 3 new leads. Total: 8/10
[!] Searching for: "Architects" (Attempt 19)...
[-] Found 2 new leads. Total: 10/10
[!] Running deep scrape on 10 organic leads to find phone numbers...
[✓] Finalized 10 high-quality organic agency leads with data enrichment.
[!] Browser closed.
[!] Search requested: Architects in limaasaol (Target: 5 leads)
[!] Searching for: "Architects" (Attempt 1)...
[-] Found 8 new leads. Total: 8/5
[!] Running deep scrape on 8 organic leads to find phone numbers...
[✓] Finalized 5 high-quality organic agency leads with data enrichment.
[!] Browser closed.
[!] Search requested: Property Developers in London (Target: 10 leads)
[!] Searching for: "Property Developers" (Attempt 1)...
[-] Found 6 new leads. Total: 6/10
[!] Searching for: "Property Developers" (Attempt 2)...
[-] Found 3 new leads. Total: 9/10
[!] Searching for: "Property Developers" (Attempt 3)...
[-] Found 9 new leads. Total: 18/10
[!] Running deep scrape on 18 organic leads to find phone numbers...
[✓] Finalized 10 high-quality organic agency leads with data enrichment.
[!] Browser closed.
[!] Search requested: Architects in Limassol, Cyprus (Target: 10 leads)
[!] Searching for: "Architects" (Attempt 1)...
[-] Found 0 new leads. Total: 0/10
[!] Searching for: "Architects" (Attempt 2)...
[-] Found 0 new leads. Total: 0/10
[!] Searching for: "Architects" (Attempt 3)...
[-] Found 0 new leads. Total: 0/10
[!] Searching for: "Architects" (Attempt 4)...
[-] Found 0 new leads. Total: 0/10
[!] Searching for: "Architects" (Attempt 5)...
[-] Found 0 new leads. Total: 0/10
[!] Searching for: "Architects" (Attempt 6)...
[-] Found 0 new leads. Total: 0/10
[!] Searching for: "Architects" (Attempt 7)...
[-] Found 0 new leads. Total: 0/10
[!] Searching for: "Architects" (Attempt 8)...
[-] Found 0 new leads. Total: 0/10
[!] Searching for: "Architects" (Attempt 9)...
[-] Found 0 new leads. Total: 0/10
[!] Searching for: "Architects" (Attempt 10)...
[-] Found 0 new leads. Total: 0/10
[!] Searching for: "Architects" (Attempt 11)...
[-] Found 0 new leads. Total: 0/10
[!] Searching for: "Architects" (Attempt 12)...
[-] Found 0 new leads. Total: 0/10
[!] Searching for: "Architects" (Attempt 13)...
[-] Found 1 new leads. Total: 1/10
[!] Searching for: "Architects" (Attempt 14)...
[-] Found 0 new leads. Total: 1/10
[!] Searching for: "Architects" (Attempt 15)...
[-] Found 0 new leads. Total: 1/10
[!] Searching for: "Architects" (Attempt 16)...
[-] Found 1 new leads. Total: 2/10
[!] Searching for: "Architects" (Attempt 17)...
[-] Found 3 new leads. Total: 5/10
[!] Searching for: "Architects" (Attempt 18)...
[-] Found 3 new leads. Total: 8/10
[!] Searching for: "Architects" (Attempt 19)...
[-] Found 2 new leads. Total: 10/10
[!] Running deep scrape on 10 organic leads to find phone numbers...
[✓] Finalized 10 high-quality organic agency leads with data enrichment.
[!] Browser closed.
[✓] Email sent successfully to info@arccy.com. Message ID: <c2ad5557-ad8a-bbdd-ec4e-2c3d61204909@gmail.com>
[!] Search requested: Architects in paphos (Target: 10 leads)
[!] Searching for: "Architects" (Attempt 1)...
[-] Found 0 new leads. Total: 0/10
[!] Searching for: "Architects" (Attempt 2)...
[-] Found 1 new leads. Total: 1/10
[!] Searching for: "Architects" (Attempt 3)...
[-] Found 0 new leads. Total: 1/10
[!] Searching for: "Architects" (Attempt 4)...
[-] Found 0 new leads. Total: 1/10
[!] Searching for: "Architects" (Attempt 5)...
[-] Found 0 new leads. Total: 1/10
[!] Searching for: "Architects" (Attempt 6)...
[-] Found 1 new leads. Total: 2/10
[!] Searching for: "Architects" (Attempt 7)...
[-] Found 4 new leads. Total: 6/10
[!] Searching for: "Architects" (Attempt 8)...
[-] Found 1 new leads. Total: 7/10
[!] Searching for: "Architects" (Attempt 9)...
[-] Found 1 new leads. Total: 8/10
[!] Searching for: "Architects" (Attempt 10)...
[-] Found 3 new leads. Total: 11/10
[!] Running deep scrape on 11 organic leads to find phone numbers...
[✓] Finalized 10 high-quality organic agency leads with data enrichment.
[!] Browser closed.
[✓] Email sent successfully to info@themistokleous.com. Message ID: <587cb761-3349-825d-2e62-1066d7819f54@gmail.com>
[✓] Email sent successfully to info@ep-architects.com. Message ID: <45eebc28-ab11-8a32-4c61-fe5b1de9671d@gmail.com>
[!] Search requested: Property Developers in paphos (Target: 10 leads)
[!] Searching for: "Property Developers" (Attempt 1)...
[-] Found 3 new leads. Total: 3/10
[!] Searching for: "Property Developers" (Attempt 2)...
[-] Found 3 new leads. Total: 6/10
[!] Searching for: "Property Developers" (Attempt 3)...
[-] Found 6 new leads. Total: 12/10
[!] Running deep scrape on 12 organic leads to find phone numbers...
[✓] Finalized 10 high-quality organic agency leads with data enrichment.
[!] Browser closed.
[✓] Email sent successfully to info@luma.cy. Message ID: <2ca355fc-d4ab-d7c8-539a-718eee9513de@gmail.com>
[✓] Email sent successfully to info@oliashomes.com. Message ID: <2026af9f-d5de-d669-5a49-6ef58477aacf@gmail.com>
[!] Search requested: Property Developers in new york (Target: 10 leads)
[!] Searching for: "Property Developers" (Attempt 1)...
[-] Found 6 new leads. Total: 6/10
[!] Searching for: "Property Developers" (Attempt 2)...
[-] Found 7 new leads. Total: 13/10
[!] Running deep scrape on 13 organic leads to find phone numbers...
[✓] Finalized 10 high-quality organic agency leads with data enrichment.
[!] Browser closed.
[!] Search requested: Architects in Limassol, Cyprus (Target: 10 leads)
[!] Searching for: "Architects" (Attempt 1)...
[-] Found 0 new leads. Total: 0/10
[!] Searching for: "Architects" (Attempt 2)...
[-] Found 0 new leads. Total: 0/10
[!] Searching for: "Architects" (Attempt 3)...
[-] Found 0 new leads. Total: 0/10
[!] Searching for: "Architects" (Attempt 4)...
[-] Found 0 new leads. Total: 0/10
[!] Searching for: "Architects" (Attempt 5)...
[-] Found 0 new leads. Total: 0/10
[!] Searching for: "Architects" (Attempt 6)...
[-] Found 0 new leads. Total: 0/10
[!] Searching for: "Architects" (Attempt 7)...
[-] Found 0 new leads. Total: 0/10
[!] Searching for: "Architects" (Attempt 8)...
[-] Found 0 new leads. Total: 0/10
[!] Searching for: "Architects" (Attempt 9)...
[-] Found 0 new leads. Total: 0/10
[!] Searching for: "Architects" (Attempt 10)...
[-] Found 0 new leads. Total: 0/10
[!] Searching for: "Architects" (Attempt 11)...
[-] Found 0 new leads. Total: 0/10
[!] Searching for: "Architects" (Attempt 12)...
[-] Found 0 new leads. Total: 0/10
[!] Searching for: "Architects" (Attempt 13)...
[-] Found 1 new leads. Total: 1/10
[!] Searching for: "Architects" (Attempt 14)...
[-] Found 0 new leads. Total: 1/10
[!] Searching for: "Architects" (Attempt 15)...
[-] Found 0 new leads. Total: 1/10
[!] Searching for: "Architects" (Attempt 16)...
[-] Found 1 new leads. Total: 2/10
[!] Search requested: Architects in Limassol, Cyprus (Target: 10 leads)
[!] Searching for: "Architects" (Attempt 17)...
[-] Found 2 new leads. Total: 4/10
[!] Searching for: "Architects" (Attempt 1)...
[!] Searching for: "Architects" (Attempt 18)...
[-] Found 3 new leads. Total: 7/10
[-] Found 0 new leads. Total: 0/10
[!] Searching for: "Architects" (Attempt 19)...
[!] Searching for: "Architects" (Attempt 2)...
[-] Found 2 new leads. Total: 9/10
[-] Found 0 new leads. Total: 0/10
[!] Searching for: "Architects" (Attempt 3)...
[-] Found 0 new leads. Total: 0/10
[!] Searching for: "Architects" (Attempt 20)...
[-] Found 5 new leads. Total: 14/10
[!] Running deep scrape on 14 organic leads to find phone numbers...
[!] Searching for: "Architects" (Attempt 4)...
[-] Found 0 new leads. Total: 0/10
[✓] Finalized 10 high-quality organic agency leads with data enrichment.
[!] Browser closed.
[!] Searching for: "Architects" (Attempt 5)...
[-] Found 0 new leads. Total: 0/10
[!] Searching for: "Architects" (Attempt 6)...
[-] Found 0 new leads. Total: 0/10
[!] Searching for: "Architects" (Attempt 7)...
[-] Found 0 new leads. Total: 0/10
[!] Searching for: "Architects" (Attempt 8)...
[-] Found 0 new leads. Total: 0/10
[!] Searching for: "Architects" (Attempt 9)...
[-] Found 0 new leads. Total: 0/10
[!] Searching for: "Architects" (Attempt 10)...
[-] Found 0 new leads. Total: 0/10
[!] Searching for: "Architects" (Attempt 11)...
[-] Found 0 new leads. Total: 0/10
[!] Searching for: "Architects" (Attempt 12)...
[-] Found 0 new leads. Total: 0/10
[!] Searching for: "Architects" (Attempt 13)...
[-] Found 1 new leads. Total: 1/10
[!] Searching for: "Architects" (Attempt 14)...
[-] Found 0 new leads. Total: 1/10
[!] Searching for: "Architects" (Attempt 15)...
[-] Found 0 new leads. Total: 1/10
[!] Searching for: "Architects" (Attempt 16)...
[-] Found 1 new leads. Total: 2/10
[!] Searching for: "Architects" (Attempt 17)...
[-] Found 2 new leads. Total: 4/10
[!] Searching for: "Architects" (Attempt 18)...
[-] Found 3 new leads. Total: 7/10
[!] Searching for: "Architects" (Attempt 19)...
[-] Found 2 new leads. Total: 9/10
[!] Searching for: "Architects" (Attempt 20)...
[-] Found 5 new leads. Total: 14/10
[!] Running deep scrape on 14 organic leads to find phone numbers...
[✓] Finalized 10 high-quality organic agency leads with data enrichment.
[!] Browser closed.
[!] Search requested: Architects in Limassol, Cyprus (Target: 10 leads)
[!] Searching for: "Architects" (Attempt 1)...
[-] Found 0 new leads. Total: 0/10
[!] Searching for: "Architects" (Attempt 2)...
[-] Found 0 new leads. Total: 0/10
[!] Searching for: "Architects" (Attempt 3)...
[-] Found 0 new leads. Total: 0/10
[!] Searching for: "Architects" (Attempt 4)...
[-] Found 0 new leads. Total: 0/10
[!] Searching for: "Architects" (Attempt 5)...
[-] Found 0 new leads. Total: 0/10
[!] Searching for: "Architects" (Attempt 6)...
[-] Found 0 new leads. Total: 0/10
[!] Searching for: "Architects" (Attempt 7)...
[-] Found 0 new leads. Total: 0/10
[!] Searching for: "Architects" (Attempt 8)...
[-] Found 0 new leads. Total: 0/10
[!] Searching for: "Architects" (Attempt 9)...
[-] Found 0 new leads. Total: 0/10
[!] Searching for: "Architects" (Attempt 10)...
[-] Found 0 new leads. Total: 0/10
[!] Searching for: "Architects" (Attempt 11)...
[-] Found 0 new leads. Total: 0/10
[!] Searching for: "Architects" (Attempt 12)...
[-] Found 0 new leads. Total: 0/10
[!] Searching for: "Architects" (Attempt 13)...
[-] Found 1 new leads. Total: 1/10
[!] Searching for: "Architects" (Attempt 14)...
[-] Found 0 new leads. Total: 1/10
[!] Searching for: "Architects" (Attempt 15)...
[-] Found 0 new leads. Total: 1/10
[!] Searching for: "Architects" (Attempt 16)...
[-] Found 1 new leads. Total: 2/10
[!] Searching for: "Architects" (Attempt 17)...
[-] Found 2 new leads. Total: 4/10
[!] Searching for: "Architects" (Attempt 18)...
[-] Found 3 new leads. Total: 7/10
[!] Searching for: "Architects" (Attempt 19)...
[-] Found 1 new leads. Total: 8/10
[!] Searching for: "Architects" (Attempt 20)...
[-] Found 5 new leads. Total: 13/10
[!] Running deep scrape on 13 organic leads to find phone numbers...
[✓] Finalized 10 high-quality organic agency leads with data enrichment.
[!] Browser closed.
[!] Search requested: All in Limassol, Cyprus (Target: 10 leads)
[!] Searching for: "All" (Attempt 1)...
[-] Found 5 new leads. Total: 5/10
[!] Searching for: "All" (Attempt 2)...
[-] Found 5 new leads. Total: 10/10
[!] Running deep scrape on 10 organic leads to find phone numbers...
[✓] Finalized 10 high-quality organic agency leads with data enrichment.
[!] Browser closed.
[!] Search requested: Architects in Limassol, Cyprus (Target: 10 leads)
[!] Searching for: "Architects" (Attempt 1)...
[-] Found 0 new leads. Total: 0/10
[!] Searching for: "Architects" (Attempt 2)...
[-] Found 0 new leads. Total: 0/10
[!] Searching for: "Architects" (Attempt 3)...
[-] Found 0 new leads. Total: 0/10
[!] Searching for: "Architects" (Attempt 4)...
[-] Found 0 new leads. Total: 0/10
[!] Searching for: "Architects" (Attempt 5)...
[-] Found 0 new leads. Total: 0/10
[!] Searching for: "Architects" (Attempt 6)...
[-] Found 0 new leads. Total: 0/10
[!] Searching for: "Architects" (Attempt 7)...
[-] Found 0 new leads. Total: 0/10
[!] Searching for: "Architects" (Attempt 8)...
[-] Found 0 new leads. Total: 0/10
[!] Searching for: "Architects" (Attempt 9)...
[-] Found 0 new leads. Total: 0/10
[!] Searching for: "Architects" (Attempt 10)...
[-] Found 0 new leads. Total: 0/10
[!] Searching for: "Architects" (Attempt 11)...
[-] Found 0 new leads. Total: 0/10
[!] Searching for: "Architects" (Attempt 12)...
[-] Found 0 new leads. Total: 0/10
[!] Searching for: "Architects" (Attempt 13)...
[-] Found 1 new leads. Total: 1/10
[!] Searching for: "Architects" (Attempt 14)...
[-] Found 0 new leads. Total: 1/10
[!] Searching for: "Architects" (Attempt 15)...
[-] Found 0 new leads. Total: 1/10
[!] Searching for: "Architects" (Attempt 16)...
[-] Found 1 new leads. Total: 2/10
[!] Searching for: "Architects" (Attempt 17)...
[-] Found 2 new leads. Total: 4/10
[!] Searching for: "Architects" (Attempt 18)...
[-] Found 3 new leads. Total: 7/10
[!] Searching for: "Architects" (Attempt 19)...
[-] Found 1 new leads. Total: 8/10
[!] Searching for: "Architects" (Attempt 20)...
[-] Found 5 new leads. Total: 13/10
[!] Running deep scrape on 13 organic leads to find phone numbers...
[✓] Finalized 10 high-quality organic agency leads with data enrichment.
[!] Browser closed.
[!] Search requested: Architects in Limassol, Cyprus (Target: 10 leads)
[!] Searching for: "Architects" (Attempt 1)...
[-] Found 0 new leads. Total: 0/10
[!] Searching for: "Architects" (Attempt 2)...
[-] Found 0 new leads. Total: 0/10
[!] Searching for: "Architects" (Attempt 3)...
[-] Found 0 new leads. Total: 0/10
[!] Searching for: "Architects" (Attempt 4)...
[-] Found 0 new leads. Total: 0/10
[!] Searching for: "Architects" (Attempt 5)...
[-] Found 0 new leads. Total: 0/10
[!] Searching for: "Architects" (Attempt 6)...
[-] Found 0 new leads. Total: 0/10
[!] Searching for: "Architects" (Attempt 7)...
[-] Found 0 new leads. Total: 0/10
[!] Searching for: "Architects" (Attempt 8)...
[-] Found 0 new leads. Total: 0/10
[!] Searching for: "Architects" (Attempt 9)...
[-] Found 0 new leads. Total: 0/10
[!] Searching for: "Architects" (Attempt 10)...
[-] Found 0 new leads. Total: 0/10
[!] Searching for: "Architects" (Attempt 11)...
[-] Found 0 new leads. Total: 0/10
[!] Searching for: "Architects" (Attempt 12)...
[-] Found 0 new leads. Total: 0/10
[!] Searching for: "Architects" (Attempt 13)...
[-] Found 1 new leads. Total: 1/10
[!] Searching for: "Architects" (Attempt 14)...
[-] Found 0 new leads. Total: 1/10
[!] Searching for: "Architects" (Attempt 15)...
[-] Found 0 new leads. Total: 1/10
[!] Searching for: "Architects" (Attempt 16)...
[-] Found 1 new leads. Total: 2/10
[!] Searching for: "Architects" (Attempt 17)...
[-] Found 2 new leads. Total: 4/10
[!] Searching for: "Architects" (Attempt 18)...
[-] Found 3 new leads. Total: 7/10
[!] Searching for: "Architects" (Attempt 19)...
[-] Found 1 new leads. Total: 8/10
[!] Searching for: "Architects" (Attempt 20)...
[-] Found 5 new leads. Total: 13/10
[!] Running deep scrape on 13 organic leads to find phone numbers...
[✓] Finalized 10 high-quality organic agency leads with data enrichment.
[!] Browser closed.
[!] Search requested: Architects in Limassol, Cyprus (Target: 10 leads)
[!] Searching for: "Architects" (Attempt 1)...
[-] Found 0 new leads. Total: 0/10
[!] Searching for: "Architects" (Attempt 2)...
[-] Found 0 new leads. Total: 0/10
[!] Searching for: "Architects" (Attempt 3)...
[-] Found 0 new leads. Total: 0/10
[!] Searching for: "Architects" (Attempt 4)...
[-] Found 0 new leads. Total: 0/10
[!] Searching for: "Architects" (Attempt 5)...
[-] Found 0 new leads. Total: 0/10
[!] Searching for: "Architects" (Attempt 6)...
[-] Found 0 new leads. Total: 0/10
[!] Searching for: "Architects" (Attempt 7)...
[-] Found 0 new leads. Total: 0/10
[!] Searching for: "Architects" (Attempt 8)...
[-] Found 0 new leads. Total: 0/10
[!] Searching for: "Architects" (Attempt 9)...
[-] Found 0 new leads. Total: 0/10
[!] Searching for: "Architects" (Attempt 10)...
[-] Found 0 new leads. Total: 0/10
[!] Searching for: "Architects" (Attempt 11)...
[-] Found 0 new leads. Total: 0/10
[!] Searching for: "Architects" (Attempt 12)...
[-] Found 0 new leads. Total: 0/10
[!] Searching for: "Architects" (Attempt 13)...
[-] Found 1 new leads. Total: 1/10
[!] Searching for: "Architects" (Attempt 14)...
[-] Found 0 new leads. Total: 1/10
[!] Searching for: "Architects" (Attempt 15)...
[-] Found 0 new leads. Total: 1/10
[!] Searching for: "Architects" (Attempt 16)...
[-] Found 1 new leads. Total: 2/10
[!] Searching for: "Architects" (Attempt 17)...
[-] Found 2 new leads. Total: 4/10
[!] Searching for: "Architects" (Attempt 18)...
[-] Found 3 new leads. Total: 7/10
[!] Searching for: "Architects" (Attempt 19)...
[-] Found 1 new leads. Total: 8/10
[!] Searching for: "Architects" (Attempt 20)...
[-] Found 5 new leads. Total: 13/10
[!] Running deep scrape on 13 organic leads to find phone numbers...
[✓] Finalized 10 high-quality organic agency leads with data enrichment.
[!] Browser closed.
[!] Search requested: Architects in Limassol, Cyprus (Target: 10 leads)
[!] Searching for: "Architects" (Attempt 1)...
[-] Found 0 new leads. Total: 0/10
[!] Searching for: "Architects" (Attempt 2)...
[-] Found 0 new leads. Total: 0/10
[!] Searching for: "Architects" (Attempt 3)...
[-] Found 0 new leads. Total: 0/10
[!] Searching for: "Architects" (Attempt 4)...
[-] Found 0 new leads. Total: 0/10
[!] Searching for: "Architects" (Attempt 5)...
[-] Found 0 new leads. Total: 0/10
[!] Searching for: "Architects" (Attempt 6)...
[-] Found 0 new leads. Total: 0/10
[!] Searching for: "Architects" (Attempt 7)...
[-] Found 0 new leads. Total: 0/10
[!] Searching for: "Architects" (Attempt 8)...
[-] Found 0 new leads. Total: 0/10
[!] Searching for: "Architects" (Attempt 9)...
[-] Found 0 new leads. Total: 0/10
[!] Searching for: "Architects" (Attempt 10)...
[-] Found 0 new leads. Total: 0/10
[!] Searching for: "Architects" (Attempt 11)...
[-] Found 0 new leads. Total: 0/10
[!] Searching for: "Architects" (Attempt 12)...
[-] Found 0 new leads. Total: 0/10
[-] No more organic pages for "Architects". Switching keyword...
[!] Searching for: "Architects Firms" (Attempt 13)...
[-] Found 0 new leads. Total: 0/10
[!] Searching for: "Architects Firms" (Attempt 14)...
[-] Found 0 new leads. Total: 0/10
[!] Searching for: "Architects Firms" (Attempt 15)...
[-] Found 0 new leads. Total: 0/10
[!] Searching for: "Architects Firms" (Attempt 16)...
[-] Found 2 new leads. Total: 2/10
[!] Searching for: "Architects Firms" (Attempt 17)...
[-] Found 0 new leads. Total: 2/10
[!] Searching for: "Architects Firms" (Attempt 18)...
[-] Found 0 new leads. Total: 2/10
[!] Searching for: "Architects Firms" (Attempt 19)...
[-] Found 0 new leads. Total: 2/10
[!] Searching for: "Architects Firms" (Attempt 20)...
[-] Found 1 new leads. Total: 3/10
[!] Searching for: "Architects Firms" (Attempt 21)...
[-] Found 0 new leads. Total: 3/10
[!] Searching for: "Architects Firms" (Attempt 22)...
[-] Found 0 new leads. Total: 3/10
[!] Searching for: "Architects Firms" (Attempt 23)...
[-] Found 1 new leads. Total: 4/10
[!] Searching for: "Architects Firms" (Attempt 24)...
[-] Found 1 new leads. Total: 5/10
[!] Searching for: "Architects Firms" (Attempt 25)...
[-] Found 1 new leads. Total: 6/10
[!] Searching for: "Architects Firms" (Attempt 26)...
[-] Found 2 new leads. Total: 8/10
[!] Searching for: "Architects Firms" (Attempt 27)...
[-] Found 2 new leads. Total: 10/10
[!] Running deep scrape on 10 organic leads to find phone numbers...
[✓] Finalized 10 high-quality organic agency leads with data enrichment.
[!] Browser closed.
[!] Initiating Proxy Scrape for X (Twitter) Radar...
[!] Executing DuckDuckGo Lite Proxy Query for recent tweets...
[!] DDG strict index only returned 1 results. Supplementing to hit target 6 limit.
[✓] Proxy Scraper extracted 6 recent tweets.
